c:\users\tecnico sistema\desktop\proyectop3\proyectop3\debug\vc142.pdb
c:\users\tecnico sistema\desktop\proyectop3\proyectop3\debug\menup.obj
c:\users\tecnico sistema\desktop\proyectop3\proyectop3\debug\login.obj
c:\users\tecnico sistema\desktop\proyectop3\proyectop3\debug\addusuario.obj
c:\users\tecnico sistema\desktop\proyectop3\proyectop3\debug\.netframework,version=v4.7.2.assemblyattributes.obj
c:\users\tecnico sistema\desktop\proyectop3\proyectop3\debug\.netframework,version=v4.7.2.assemblyattributes.asm
c:\users\tecnico sistema\desktop\proyectop3\proyectop3\debug\myusercontrol.obj
c:\users\tecnico sistema\desktop\proyectop3\proyectop3\debug\fondo.obj
c:\users\tecnico sistema\desktop\proyectop3\debug\proyectop3.exe
c:\users\tecnico sistema\desktop\proyectop3\debug\proyectop3.pdb
c:\users\tecnico sistema\desktop\proyectop3\proyectop3\debug\proyectop3.addusuario.resources
c:\users\tecnico sistema\desktop\proyectop3\proyectop3\debug\proyectop3.login.resources
c:\users\tecnico sistema\desktop\proyectop3\proyectop3\debug\proyectop3.menup.resources
c:\users\tecnico sistema\desktop\proyectop3\proyectop3\debug\proyectop3.fondo.resources
c:\users\tecnico sistema\desktop\proyectop3\proyectop3\debug\proyectop3.myusercontrol.resources
c:\users\tecnico sistema\desktop\proyectop3\proyectop3\debug\proyectop3.vcxproj.generateresource.cache
c:\users\tecnico sistema\desktop\proyectop3\proyectop3\debug\proyectop3.vcxprojassemblyreference.cache
c:\users\tecnico sistema\desktop\proyectop3\proyectop3\debug\proyectop3.tlog\cl.command.1.tlog
c:\users\tecnico sistema\desktop\proyectop3\proyectop3\debug\proyectop3.tlog\cl.read.1.tlog
c:\users\tecnico sistema\desktop\proyectop3\proyectop3\debug\proyectop3.tlog\cl.write.1.tlog
c:\users\tecnico sistema\desktop\proyectop3\proyectop3\debug\proyectop3.tlog\link.10456.delete.1.tlog
c:\users\tecnico sistema\desktop\proyectop3\proyectop3\debug\proyectop3.tlog\link.12888.delete.1.tlog
c:\users\tecnico sistema\desktop\proyectop3\proyectop3\debug\proyectop3.tlog\link.1360.delete.1.tlog
c:\users\tecnico sistema\desktop\proyectop3\proyectop3\debug\proyectop3.tlog\link.18160.delete.1.tlog
c:\users\tecnico sistema\desktop\proyectop3\proyectop3\debug\proyectop3.tlog\link.2772.delete.1.tlog
c:\users\tecnico sistema\desktop\proyectop3\proyectop3\debug\proyectop3.tlog\link.3204.delete.1.tlog
c:\users\tecnico sistema\desktop\proyectop3\proyectop3\debug\proyectop3.tlog\link.3372.delete.1.tlog
c:\users\tecnico sistema\desktop\proyectop3\proyectop3\debug\proyectop3.tlog\link.4548.delete.1.tlog
c:\users\tecnico sistema\desktop\proyectop3\proyectop3\debug\proyectop3.tlog\link.5344.delete.1.tlog
c:\users\tecnico sistema\desktop\proyectop3\proyectop3\debug\proyectop3.tlog\link.7016.delete.1.tlog
c:\users\tecnico sistema\desktop\proyectop3\proyectop3\debug\proyectop3.tlog\link.7544.delete.1.tlog
c:\users\tecnico sistema\desktop\proyectop3\proyectop3\debug\proyectop3.tlog\link.7716.delete.1.tlog
c:\users\tecnico sistema\desktop\proyectop3\proyectop3\debug\proyectop3.tlog\link.8872.delete.1.tlog
c:\users\tecnico sistema\desktop\proyectop3\proyectop3\debug\proyectop3.tlog\link.9620.delete.1.tlog
c:\users\tecnico sistema\desktop\proyectop3\proyectop3\debug\proyectop3.tlog\link.command.1.tlog
c:\users\tecnico sistema\desktop\proyectop3\proyectop3\debug\proyectop3.tlog\link.read.1.tlog
c:\users\tecnico sistema\desktop\proyectop3\proyectop3\debug\proyectop3.tlog\link.write.1.tlog
c:\users\tecnico sistema\desktop\proyectop3\proyectop3\debug\proyectop3.tlog\metagen.read.1.tlog
c:\users\tecnico sistema\desktop\proyectop3\proyectop3\debug\proyectop3.tlog\metagen.write.1.tlog
c:\users\tecnico sistema\desktop\proyectop3\proyectop3\debug\proyectop3.tlog\proyectop3.write.1u.tlog
