c:\users\tecnico sistema\desktop\proyecto final\proyectop3\x64\debug\vc142.pdb
c:\users\tecnico sistema\desktop\proyecto final\proyectop3\x64\debug\verusuarios.obj
c:\users\tecnico sistema\desktop\proyecto final\proyectop3\x64\debug\vermaestros.obj
c:\users\tecnico sistema\desktop\proyecto final\proyectop3\x64\debug\vehiculoseditar.obj
c:\users\tecnico sistema\desktop\proyecto final\proyectop3\x64\debug\vehiculos.obj
c:\users\tecnico sistema\desktop\proyecto final\proyectop3\x64\debug\usuario.obj
c:\users\tecnico sistema\desktop\proyecto final\proyectop3\x64\debug\resultadosleccion.obj
c:\users\tecnico sistema\desktop\proyecto final\proyectop3\x64\debug\promediofinal.obj
c:\users\tecnico sistema\desktop\proyecto final\proyectop3\x64\debug\persona.obj
c:\users\tecnico sistema\desktop\proyecto final\proyectop3\x64\debug\nuevomaestro.obj
c:\users\tecnico sistema\desktop\proyecto final\proyectop3\x64\debug\menup.obj
c:\users\tecnico sistema\desktop\proyecto final\proyectop3\x64\debug\matriculadealumnos2.obj
c:\users\tecnico sistema\desktop\proyecto final\proyectop3\x64\debug\matriculadealumno.obj
c:\users\tecnico sistema\desktop\proyecto final\proyectop3\x64\debug\login.obj
c:\users\tecnico sistema\desktop\proyecto final\proyectop3\x64\debug\editarusuarios.obj
c:\users\tecnico sistema\desktop\proyecto final\proyectop3\x64\debug\clasesh.obj
c:\users\tecnico sistema\desktop\proyecto final\proyectop3\x64\debug\chorarios.obj
c:\users\tecnico sistema\desktop\proyecto final\proyectop3\x64\debug\addusuario.obj
c:\users\tecnico sistema\desktop\proyecto final\proyectop3\x64\debug\.netframework,version=v4.7.2.assemblyattributes.obj
c:\users\tecnico sistema\desktop\proyecto final\proyectop3\x64\debug\.netframework,version=v4.7.2.assemblyattributes.asm
c:\users\tecnico sistema\desktop\proyecto final\x64\debug\proyectop3.exe
c:\users\tecnico sistema\desktop\proyecto final\x64\debug\proyectop3.pdb
c:\users\tecnico sistema\desktop\proyecto final\proyectop3\x64\debug\proyectop3.tlog\metagen.write.1.tlog
c:\users\tecnico sistema\desktop\proyecto final\x64\debug\mysql.data.dll
c:\users\tecnico sistema\desktop\proyecto final\x64\debug\mysql.data.xml
c:\users\tecnico sistema\desktop\proyecto final\proyectop3\x64\debug\proyectop3.addusuario.resources
c:\users\tecnico sistema\desktop\proyecto final\proyectop3\x64\debug\proyectop3.chorarios.resources
c:\users\tecnico sistema\desktop\proyecto final\proyectop3\x64\debug\proyectop3.clasesh.resources
c:\users\tecnico sistema\desktop\proyecto final\proyectop3\x64\debug\proyectop3.editarusuarios.resources
c:\users\tecnico sistema\desktop\proyecto final\proyectop3\x64\debug\proyectop3.eliminarusuarios.resources
c:\users\tecnico sistema\desktop\proyecto final\proyectop3\x64\debug\proyectop3.login.resources
c:\users\tecnico sistema\desktop\proyecto final\proyectop3\x64\debug\proyectop3.matriculadealumno.resources
c:\users\tecnico sistema\desktop\proyecto final\proyectop3\x64\debug\proyectop3.matriculadealumnos2.resources
c:\users\tecnico sistema\desktop\proyecto final\proyectop3\x64\debug\proyectop3.menup.resources
c:\users\tecnico sistema\desktop\proyecto final\proyectop3\x64\debug\proyectop3.nuevomaestro.resources
c:\users\tecnico sistema\desktop\proyecto final\proyectop3\x64\debug\proyectop3.promediofinal.resources
c:\users\tecnico sistema\desktop\proyecto final\proyectop3\x64\debug\proyectop3.resultadosleccion.resources
c:\users\tecnico sistema\desktop\proyecto final\proyectop3\x64\debug\proyectop3.vehiculos.resources
c:\users\tecnico sistema\desktop\proyecto final\proyectop3\x64\debug\proyectop3.vehiculoseditar.resources
c:\users\tecnico sistema\desktop\proyecto final\proyectop3\x64\debug\proyectop3.vermaestros.resources
c:\users\tecnico sistema\desktop\proyecto final\proyectop3\x64\debug\proyectop3.verusuarios.resources
c:\users\tecnico sistema\desktop\proyecto final\proyectop3\x64\debug\proyectop3.res
c:\users\tecnico sistema\desktop\proyecto final\proyectop3\x64\debug\proyectop3.vcxproj.generateresource.cache
c:\users\tecnico sistema\desktop\proyecto final\proyectop3\x64\debug\proyectop3.vcxprojassemblyreference.cache
c:\users\tecnico sistema\desktop\proyecto final\proyectop3\x64\debug\proyectop3.tlog\cl.command.1.tlog
c:\users\tecnico sistema\desktop\proyecto final\proyectop3\x64\debug\proyectop3.tlog\cl.read.1.tlog
c:\users\tecnico sistema\desktop\proyecto final\proyectop3\x64\debug\proyectop3.tlog\cl.write.1.tlog
c:\users\tecnico sistema\desktop\proyecto final\proyectop3\x64\debug\proyectop3.tlog\link.10768.delete.1.tlog
c:\users\tecnico sistema\desktop\proyecto final\proyectop3\x64\debug\proyectop3.tlog\link.11244.delete.1.tlog
c:\users\tecnico sistema\desktop\proyecto final\proyectop3\x64\debug\proyectop3.tlog\link.11880.delete.1.tlog
c:\users\tecnico sistema\desktop\proyecto final\proyectop3\x64\debug\proyectop3.tlog\link.11972.delete.1.tlog
c:\users\tecnico sistema\desktop\proyecto final\proyectop3\x64\debug\proyectop3.tlog\link.11980.delete.1.tlog
c:\users\tecnico sistema\desktop\proyecto final\proyectop3\x64\debug\proyectop3.tlog\link.12244.delete.1.tlog
c:\users\tecnico sistema\desktop\proyecto final\proyectop3\x64\debug\proyectop3.tlog\link.12348.delete.1.tlog
c:\users\tecnico sistema\desktop\proyecto final\proyectop3\x64\debug\proyectop3.tlog\link.12588.delete.1.tlog
c:\users\tecnico sistema\desktop\proyecto final\proyectop3\x64\debug\proyectop3.tlog\link.12612.delete.1.tlog
c:\users\tecnico sistema\desktop\proyecto final\proyectop3\x64\debug\proyectop3.tlog\link.12660.delete.1.tlog
c:\users\tecnico sistema\desktop\proyecto final\proyectop3\x64\debug\proyectop3.tlog\link.13176.delete.1.tlog
c:\users\tecnico sistema\desktop\proyecto final\proyectop3\x64\debug\proyectop3.tlog\link.13696.delete.1.tlog
c:\users\tecnico sistema\desktop\proyecto final\proyectop3\x64\debug\proyectop3.tlog\link.13836.delete.1.tlog
c:\users\tecnico sistema\desktop\proyecto final\proyectop3\x64\debug\proyectop3.tlog\link.13852.delete.1.tlog
c:\users\tecnico sistema\desktop\proyecto final\proyectop3\x64\debug\proyectop3.tlog\link.14308.delete.1.tlog
c:\users\tecnico sistema\desktop\proyecto final\proyectop3\x64\debug\proyectop3.tlog\link.1452.delete.1.tlog
c:\users\tecnico sistema\desktop\proyecto final\proyectop3\x64\debug\proyectop3.tlog\link.14732.delete.1.tlog
c:\users\tecnico sistema\desktop\proyecto final\proyectop3\x64\debug\proyectop3.tlog\link.15000.delete.1.tlog
c:\users\tecnico sistema\desktop\proyecto final\proyectop3\x64\debug\proyectop3.tlog\link.15100.delete.1.tlog
c:\users\tecnico sistema\desktop\proyecto final\proyectop3\x64\debug\proyectop3.tlog\link.15480.delete.1.tlog
c:\users\tecnico sistema\desktop\proyecto final\proyectop3\x64\debug\proyectop3.tlog\link.15704.delete.1.tlog
c:\users\tecnico sistema\desktop\proyecto final\proyectop3\x64\debug\proyectop3.tlog\link.15776.delete.1.tlog
c:\users\tecnico sistema\desktop\proyecto final\proyectop3\x64\debug\proyectop3.tlog\link.15940.delete.1.tlog
c:\users\tecnico sistema\desktop\proyecto final\proyectop3\x64\debug\proyectop3.tlog\link.16044.delete.1.tlog
c:\users\tecnico sistema\desktop\proyecto final\proyectop3\x64\debug\proyectop3.tlog\link.16052.delete.1.tlog
c:\users\tecnico sistema\desktop\proyecto final\proyectop3\x64\debug\proyectop3.tlog\link.16276.delete.1.tlog
c:\users\tecnico sistema\desktop\proyecto final\proyectop3\x64\debug\proyectop3.tlog\link.16820.delete.1.tlog
c:\users\tecnico sistema\desktop\proyecto final\proyectop3\x64\debug\proyectop3.tlog\link.16948.delete.1.tlog
c:\users\tecnico sistema\desktop\proyecto final\proyectop3\x64\debug\proyectop3.tlog\link.17152.delete.1.tlog
c:\users\tecnico sistema\desktop\proyecto final\proyectop3\x64\debug\proyectop3.tlog\link.17208.delete.1.tlog
c:\users\tecnico sistema\desktop\proyecto final\proyectop3\x64\debug\proyectop3.tlog\link.17416.delete.1.tlog
c:\users\tecnico sistema\desktop\proyecto final\proyectop3\x64\debug\proyectop3.tlog\link.17788.delete.1.tlog
c:\users\tecnico sistema\desktop\proyecto final\proyectop3\x64\debug\proyectop3.tlog\link.18044.delete.1.tlog
c:\users\tecnico sistema\desktop\proyecto final\proyectop3\x64\debug\proyectop3.tlog\link.18128.delete.1.tlog
c:\users\tecnico sistema\desktop\proyecto final\proyectop3\x64\debug\proyectop3.tlog\link.18472.delete.1.tlog
c:\users\tecnico sistema\desktop\proyecto final\proyectop3\x64\debug\proyectop3.tlog\link.18596.delete.1.tlog
c:\users\tecnico sistema\desktop\proyecto final\proyectop3\x64\debug\proyectop3.tlog\link.18612.delete.1.tlog
c:\users\tecnico sistema\desktop\proyecto final\proyectop3\x64\debug\proyectop3.tlog\link.18712.delete.1.tlog
c:\users\tecnico sistema\desktop\proyecto final\proyectop3\x64\debug\proyectop3.tlog\link.19072.delete.1.tlog
c:\users\tecnico sistema\desktop\proyecto final\proyectop3\x64\debug\proyectop3.tlog\link.19748.delete.1.tlog
c:\users\tecnico sistema\desktop\proyecto final\proyectop3\x64\debug\proyectop3.tlog\link.20120.delete.1.tlog
c:\users\tecnico sistema\desktop\proyecto final\proyectop3\x64\debug\proyectop3.tlog\link.20220.delete.1.tlog
c:\users\tecnico sistema\desktop\proyecto final\proyectop3\x64\debug\proyectop3.tlog\link.20360.delete.1.tlog
c:\users\tecnico sistema\desktop\proyecto final\proyectop3\x64\debug\proyectop3.tlog\link.2040.delete.1.tlog
c:\users\tecnico sistema\desktop\proyecto final\proyectop3\x64\debug\proyectop3.tlog\link.20788.delete.1.tlog
c:\users\tecnico sistema\desktop\proyecto final\proyectop3\x64\debug\proyectop3.tlog\link.21564.delete.1.tlog
c:\users\tecnico sistema\desktop\proyecto final\proyectop3\x64\debug\proyectop3.tlog\link.21960.delete.1.tlog
c:\users\tecnico sistema\desktop\proyecto final\proyectop3\x64\debug\proyectop3.tlog\link.2652.delete.1.tlog
c:\users\tecnico sistema\desktop\proyecto final\proyectop3\x64\debug\proyectop3.tlog\link.4660.delete.1.tlog
c:\users\tecnico sistema\desktop\proyecto final\proyectop3\x64\debug\proyectop3.tlog\link.6456.delete.1.tlog
c:\users\tecnico sistema\desktop\proyecto final\proyectop3\x64\debug\proyectop3.tlog\link.7944.delete.1.tlog
c:\users\tecnico sistema\desktop\proyecto final\proyectop3\x64\debug\proyectop3.tlog\link.8252.delete.1.tlog
c:\users\tecnico sistema\desktop\proyecto final\proyectop3\x64\debug\proyectop3.tlog\link.9688.delete.1.tlog
c:\users\tecnico sistema\desktop\proyecto final\proyectop3\x64\debug\proyectop3.tlog\link.9704.delete.1.tlog
c:\users\tecnico sistema\desktop\proyecto final\proyectop3\x64\debug\proyectop3.tlog\link.9980.delete.1.tlog
c:\users\tecnico sistema\desktop\proyecto final\proyectop3\x64\debug\proyectop3.tlog\link.command.1.tlog
c:\users\tecnico sistema\desktop\proyecto final\proyectop3\x64\debug\proyectop3.tlog\link.read.1.tlog
c:\users\tecnico sistema\desktop\proyecto final\proyectop3\x64\debug\proyectop3.tlog\link.write.1.tlog
c:\users\tecnico sistema\desktop\proyecto final\proyectop3\x64\debug\proyectop3.tlog\metagen.read.1.tlog
c:\users\tecnico sistema\desktop\proyecto final\proyectop3\x64\debug\proyectop3.tlog\proyectop3.write.1u.tlog
c:\users\tecnico sistema\desktop\proyecto final\proyectop3\x64\debug\proyectop3.tlog\rc.command.1.tlog
c:\users\tecnico sistema\desktop\proyecto final\proyectop3\x64\debug\proyectop3.tlog\rc.read.1.tlog
c:\users\tecnico sistema\desktop\proyecto final\proyectop3\x64\debug\proyectop3.tlog\rc.write.1.tlog
c:\users\tecnico sistema\desktop\proyecto final\proyectop3\x64\debug\proyectop3.tlog\mysql.data.dll.metagen
